<?xml version="1.0" encoding="UTF-8"?>
<testng-results ignored="0" total="1" passed="1" failed="0" skipped="0">
  <reporter-output>
  </reporter-output>
  <suite started-at="2023-11-21T14:10:11 IST" name="Default suite" finished-at="2023-11-21T14:10:58 IST" duration-ms="47301">
    <groups>
    </groups>
    <test started-at="2023-11-21T14:10:11 IST" name="Default test" finished-at="2023-11-21T14:10:58 IST" duration-ms="47301">
      <class name="com.project.staragile.Testngmedical">
        <test-method signature="verifyPageContent()[pri:0, instance:com.project.staragile.Testngmedical@4808bc9b]" started-at="2023-11-21T14:10:11 IST" name="verifyPageContent" finished-at="2023-11-21T14:10:58 IST" duration-ms="47253" status="PASS">
          <reporter-output>
          </reporter-output>
        </test-method> <!-- verifyPageContent -->
      </class> <!-- com.project.staragile.Testngmedical -->
    </test> <!-- Default test -->
  </suite> <!-- Default suite -->
</testng-results>
